This is pdfTeX, Version 3.141592653-2.6-1.40.24 (TeX Live 2022) (preloaded format=pdflatex 2022.10.13)  13 APR 2023 00:07
entering extended mode
 restricted \write18 enabled.
 file:line:error style messages enabled.
 %&-line parsing enabled.
**TENOR-template_latex_Ilana_Shapiro.tex
(./TENOR-template_latex_Ilana_Shapiro.tex
LaTeX2e <2021-11-15> patch level 1
L3 programming layer <2022-02-24>
(/usr/local/texlive/2022/texmf-dist/tex/latex/base/article.cls
Document Class: article 2021/10/04 v1.4n Standard LaTeX document class
(/usr/local/texlive/2022/texmf-dist/tex/latex/base/size10.clo
File: size10.clo 2021/10/04 v1.4n Standard LaTeX file (size option)
)
\c@part=\count185
\c@section=\count186
\c@subsection=\count187
\c@subsubsection=\count188
\c@paragraph=\count189
\c@subparagraph=\count190
\c@figure=\count191
\c@table=\count192
\abovecaptionskip=\skip47
\belowcaptionskip=\skip48
\bibindent=\dimen138
) (./tenor.sty
(/usr/local/texlive/2022/texmf-dist/tex/generic/soul/soul.sty
Package: soul 2003/11/17 v2.4 letterspacing/underlining (mf)
\SOUL@word=\toks16
\SOUL@lasttoken=\toks17
\SOUL@cmds=\toks18
\SOUL@buffer=\toks19
\SOUL@token=\toks20
\SOUL@spaceskip=\skip49
\SOUL@ttwidth=\dimen139
\SOUL@uldp=\dimen140
\SOUL@ulht=\dimen141
)
(/usr/local/texlive/2022/texmf-dist/tex/latex/xcolor/xcolor.sty
Package: xcolor 2021/10/31 v2.13 LaTeX color extensions (UK)

(/usr/local/texlive/2022/texmf-dist/tex/latex/graphics-cfg/color.cfg
File: color.cfg 2016/01/02 v1.6 sample color configuration
)
Package xcolor Info: Package option `usenames' ignored on input line 218.
Package xcolor Info: Driver file: pdftex.def on input line 227.

(/usr/local/texlive/2022/texmf-dist/tex/latex/graphics-def/pdftex.def
File: pdftex.def 2020/10/05 v1.2a Graphics/color driver for pdftex
)
Package xcolor Info: Model `cmy' substituted by `cmy0' on input line 1352.
Package xcolor Info: Model `hsb' substituted by `rgb' on input line 1356.
Package xcolor Info: Model `RGB' extended on input line 1368.
Package xcolor Info: Model `HTML' substituted by `rgb' on input line 1370.
Package xcolor Info: Model `Hsb' substituted by `hsb' on input line 1371.
Package xcolor Info: Model `tHsb' substituted by `hsb' on input line 1372.
Package xcolor Info: Model `HSB' substituted by `hsb' on input line 1373.
Package xcolor Info: Model `Gray' substituted by `gray' on input line 1374.
Package xcolor Info: Model `wave' substituted by `hsb' on input line 1375.

(/usr/local/texlive/2022/texmf-dist/tex/latex/graphics/dvipsnam.def
File: dvipsnam.def 2016/06/17 v3.0m Driver-dependent file (DPC,SPQR)
)))
(/usr/local/texlive/2022/texmf-dist/tex/generic/iftex/ifpdf.sty
Package: ifpdf 2019/10/25 v3.4 ifpdf legacy package. Use iftex instead.

(/usr/local/texlive/2022/texmf-dist/tex/generic/iftex/iftex.sty
Package: iftex 2022/02/03 v1.0f TeX engine tests
))
(/usr/local/texlive/2022/texmf-dist/tex/generic/babel/babel.sty
Package: babel 2022/02/26 3.73 The Babel package
\babel@savecnt=\count193
\U@D=\dimen142
\l@unhyphenated=\language87

(/usr/local/texlive/2022/texmf-dist/tex/generic/babel/txtbabel.def)
\bbl@readstream=\read2
\bbl@dirlevel=\count194

(/usr/local/texlive/2022/texmf-dist/tex/generic/babel-english/english.ldf
Language: english 2017/06/06 v3.3r English support from the babel system
Package babel Info: Hyphen rules for 'canadian' set to \l@english
(babel)             (\language0). Reported on input line 102.
Package babel Info: Hyphen rules for 'australian' set to \l@ukenglish
(babel)             (\language21). Reported on input line 105.
Package babel Info: Hyphen rules for 'newzealand' set to \l@ukenglish
(babel)             (\language21). Reported on input line 108.
))
(/usr/local/texlive/2022/texmf-dist/tex/latex/preprint/balance.sty
Package: balance 1999/02/23 4.3 (PWD)
\oldvsize=\dimen143
)
(/usr/local/texlive/2022/texmf-dist/tex/latex/enumitem/enumitem.sty
Package: enumitem 2019/06/20 v3.9 Customized lists
\enitkv@toks@=\toks21
\labelindent=\skip50
\enit@outerparindent=\dimen144
\enit@toks=\toks22
\enit@inbox=\box50
\enit@count@id=\count195
\enitdp@description=\count196
)
(/usr/local/texlive/2022/texmf-dist/tex/latex/musicography/musicography.sty
Package: musicography 2020/01/29 Symbols for music writing with pdflatex

(/usr/local/texlive/2022/texmf-dist/tex/latex/l3packages/xparse/xparse.sty
(/usr/local/texlive/2022/texmf-dist/tex/latex/l3kernel/expl3.sty
Package: expl3 2022-02-24 L3 programming layer (loader) 

(/usr/local/texlive/2022/texmf-dist/tex/latex/l3backend/l3backend-pdftex.def
File: l3backend-pdftex.def 2022-02-07 L3 backend support: PDF output (pdfTeX)
\l__color_backend_stack_int=\count197
\l__pdf_internal_box=\box51
))
Package: xparse 2022-01-12 L3 Experimental document command parser
) (/usr/local/texlive/2022/texmf-dist/tex/latex/stackengine/stackengine.sty
Package: stackengine 2021/07/22 v4.11\ Stacking text and objects in convenient 
ways

(/usr/local/texlive/2022/texmf-dist/tex/latex/etoolbox/etoolbox.sty
Package: etoolbox 2020/10/05 v2.5k e-TeX tools for LaTeX (JAW)
\etb@tempcnta=\count198
)
(/usr/local/texlive/2022/texmf-dist/tex/generic/listofitems/listofitems.sty
(/usr/local/texlive/2022/texmf-dist/tex/generic/listofitems/listofitems.tex
\loi_cnt_foreach_nest=\count199
\loi_nestcnt=\count266
)
Package: listofitems 2019/08/21 v1.63 Grab items in lists using user-specified 
sep char (CT)
)
(/usr/local/texlive/2022/texmf-dist/tex/latex/tools/calc.sty
Package: calc 2017/05/25 v4.3 Infix arithmetic (KKT,FJ)
\calc@Acount=\count267
\calc@Bcount=\count268
\calc@Adimen=\dimen145
\calc@Bdimen=\dimen146
\calc@Askip=\skip51
\calc@Bskip=\skip52
LaTeX Info: Redefining \setlength on input line 80.
LaTeX Info: Redefining \addtolength on input line 81.
\calc@Ccount=\count269
\calc@Cskip=\skip53
)
\c@@stackindex=\count270
\@boxshift=\skip54
\stack@tmplength=\skip55
\temp@stkl=\skip56
\@stackedboxwidth=\skip57
\@addedbox=\box52
\@anchorbox=\box53
\@insetbox=\box54
\se@backgroundbox=\box55
\stackedbox=\box56
\@centerbox=\box57
\c@ROWcellindex@=\count271
))
(/usr/local/texlive/2022/texmf-dist/tex/latex/amsmath/amsmath.sty
Package: amsmath 2021/10/15 v2.17l AMS math features
\@mathmargin=\skip58

For additional information on amsmath, use the `?' option.
(/usr/local/texlive/2022/texmf-dist/tex/latex/amsmath/amstext.sty
Package: amstext 2021/08/26 v2.01 AMS text

(/usr/local/texlive/2022/texmf-dist/tex/latex/amsmath/amsgen.sty
File: amsgen.sty 1999/11/30 v2.0 generic functions
\@emptytoks=\toks23
\ex@=\dimen147
))
(/usr/local/texlive/2022/texmf-dist/tex/latex/amsmath/amsbsy.sty
Package: amsbsy 1999/11/29 v1.2d Bold Symbols
\pmbraise@=\dimen148
)
(/usr/local/texlive/2022/texmf-dist/tex/latex/amsmath/amsopn.sty
Package: amsopn 2021/08/26 v2.02 operator names
)
\inf@bad=\count272
LaTeX Info: Redefining \frac on input line 234.
\uproot@=\count273
\leftroot@=\count274
LaTeX Info: Redefining \overline on input line 399.
\classnum@=\count275
\DOTSCASE@=\count276
LaTeX Info: Redefining \ldots on input line 496.
LaTeX Info: Redefining \dots on input line 499.
LaTeX Info: Redefining \cdots on input line 620.
\Mathstrutbox@=\box58
\strutbox@=\box59
\big@size=\dimen149
LaTeX Font Info:    Redeclaring font encoding OML on input line 743.
LaTeX Font Info:    Redeclaring font encoding OMS on input line 744.
\macc@depth=\count277
\c@MaxMatrixCols=\count278
\dotsspace@=\muskip16
\c@parentequation=\count279
\dspbrk@lvl=\count280
\tag@help=\toks24
\row@=\count281
\column@=\count282
\maxfields@=\count283
\andhelp@=\toks25
\eqnshift@=\dimen150
\alignsep@=\dimen151
\tagshift@=\dimen152
\tagwidth@=\dimen153
\totwidth@=\dimen154
\lineht@=\dimen155
\@envbody=\toks26
\multlinegap=\skip59
\multlinetaggap=\skip60
\mathdisplay@stack=\toks27
LaTeX Info: Redefining \[ on input line 2938.
LaTeX Info: Redefining \] on input line 2939.
)
(/usr/local/texlive/2022/texmf-dist/tex/latex/arydshln/arydshln.sty
Package: arydshln 2019/02/21 v1.76 
\dashlinedash=\dimen156
\dashlinegap=\dimen157
\adl@box=\box60
\adl@height=\dimen158
\adl@heightsave=\dimen159
\adl@depth=\dimen160
\adl@depthsave=\dimen161
\adl@finaldepth=\dimen162
\adl@columns=\count284
\adl@ncol=\count285
\adl@currentcolumn=\count286
\adl@currentcolumnsave=\count287
\adl@totalheight=\count288
\adl@totalheightsave=\count289
\adl@dash=\count290
\adl@gap=\count291
\adl@cla=\count292
\adl@clb=\count293
\adl@everyvbox=\toks28
\adl@LTpagetotal=\dimen163
)
(/usr/local/texlive/2022/texmf-dist/tex/latex/amsfonts/amssymb.sty
Package: amssymb 2013/01/14 v3.01 AMS font symbols

(/usr/local/texlive/2022/texmf-dist/tex/latex/amsfonts/amsfonts.sty
Package: amsfonts 2013/01/14 v3.01 Basic AMSFonts support
\symAMSa=\mathgroup4
\symAMSb=\mathgroup5
LaTeX Font Info:    Redeclaring math symbol \hbar on input line 98.
LaTeX Font Info:    Overwriting math alphabet `\mathfrak' in version `bold'
(Font)                  U/euf/m/n --> U/euf/b/n on input line 106.
))
(/usr/local/texlive/2022/texmf-dist/tex/latex/caption/caption.sty
Package: caption 2022/03/01 v3.6b Customizing captions (AR)

(/usr/local/texlive/2022/texmf-dist/tex/latex/caption/caption3.sty
Package: caption3 2022/03/17 v2.3b caption3 kernel (AR)

(/usr/local/texlive/2022/texmf-dist/tex/latex/graphics/keyval.sty
Package: keyval 2014/10/28 v1.15 key=value parser (DPC)
\KV@toks@=\toks29
)
\caption@tempdima=\dimen164
\captionmargin=\dimen165
\caption@leftmargin=\dimen166
\caption@rightmargin=\dimen167
\caption@width=\dimen168
\caption@indent=\dimen169
\caption@parindent=\dimen170
\caption@hangindent=\dimen171
Package caption Info: Unknown document class (or package),
(caption)             standard defaults will be used.
Package caption Info: \@makecaption = \long macro:#1#2-> \vskip 10pt \setbox \@
tempboxa \hbox {#1. #2} \ifdim \wd \@tempboxa >\hsize #1. #2\par \else \hbox to
\hsize {\hfil \box \@tempboxa \hfil } \fi  on input line 1176.
)

Package caption Warning: Unknown document class (or package),
(caption)                standard defaults will be used.
See the caption package documentation for explanation.

\c@caption@flags=\count294
\c@continuedfloat=\count295
) (/usr/local/texlive/2022/texmf-dist/tex/latex/graphics/graphics.sty
Package: graphics 2021/03/04 v1.4d Standard LaTeX Graphics (DPC,SPQR)

(/usr/local/texlive/2022/texmf-dist/tex/latex/graphics/trig.sty
Package: trig 2021/08/11 v1.11 sin cos tan (DPC)
)
(/usr/local/texlive/2022/texmf-dist/tex/latex/graphics-cfg/graphics.cfg
File: graphics.cfg 2016/06/04 v1.11 sample graphics configuration
)
Package graphics Info: Driver file: pdftex.def on input line 107.
)
(/usr/local/texlive/2022/texmf-dist/tex/latex/spverbatim/spverbatim.sty
Package: spverbatim 2009/08/10 v1.0 Verbatim with breakable spaces
)
\maxcollen=\skip61

(/usr/local/texlive/2022/texmf-dist/tex/latex/hyperref/hyperref.sty
Package: hyperref 2022-02-21 v7.00n Hypertext links for LaTeX

(/usr/local/texlive/2022/texmf-dist/tex/generic/ltxcmds/ltxcmds.sty
Package: ltxcmds 2020-05-10 v1.25 LaTeX kernel commands for general use (HO)
)
(/usr/local/texlive/2022/texmf-dist/tex/generic/pdftexcmds/pdftexcmds.sty
Package: pdftexcmds 2020-06-27 v0.33 Utility functions of pdfTeX for LuaTeX (HO
)

(/usr/local/texlive/2022/texmf-dist/tex/generic/infwarerr/infwarerr.sty
Package: infwarerr 2019/12/03 v1.5 Providing info/warning/error messages (HO)
)
Package pdftexcmds Info: \pdf@primitive is available.
Package pdftexcmds Info: \pdf@ifprimitive is available.
Package pdftexcmds Info: \pdfdraftmode found.
)
(/usr/local/texlive/2022/texmf-dist/tex/generic/kvsetkeys/kvsetkeys.sty
Package: kvsetkeys 2019/12/15 v1.18 Key value parser (HO)
)
(/usr/local/texlive/2022/texmf-dist/tex/generic/kvdefinekeys/kvdefinekeys.sty
Package: kvdefinekeys 2019-12-19 v1.6 Define keys (HO)
)
(/usr/local/texlive/2022/texmf-dist/tex/generic/pdfescape/pdfescape.sty
Package: pdfescape 2019/12/09 v1.15 Implements pdfTeX's escape features (HO)
)
(/usr/local/texlive/2022/texmf-dist/tex/latex/hycolor/hycolor.sty
Package: hycolor 2020-01-27 v1.10 Color options for hyperref/bookmark (HO)
)
(/usr/local/texlive/2022/texmf-dist/tex/latex/letltxmacro/letltxmacro.sty
Package: letltxmacro 2019/12/03 v1.6 Let assignment for LaTeX macros (HO)
)
(/usr/local/texlive/2022/texmf-dist/tex/latex/auxhook/auxhook.sty
Package: auxhook 2019-12-17 v1.6 Hooks for auxiliary files (HO)
)
(/usr/local/texlive/2022/texmf-dist/tex/latex/kvoptions/kvoptions.sty
Package: kvoptions 2020-10-07 v3.14 Key value format for package options (HO)
)
\@linkdim=\dimen172
\Hy@linkcounter=\count296
\Hy@pagecounter=\count297

(/usr/local/texlive/2022/texmf-dist/tex/latex/hyperref/pd1enc.def
File: pd1enc.def 2022-02-21 v7.00n Hyperref: PDFDocEncoding definition (HO)
Now handling font encoding PD1 ...
... no UTF-8 mapping file for font encoding PD1
)
(/usr/local/texlive/2022/texmf-dist/tex/generic/intcalc/intcalc.sty
Package: intcalc 2019/12/15 v1.3 Expandable calculations with integers (HO)
)
(/usr/local/texlive/2022/texmf-dist/tex/generic/etexcmds/etexcmds.sty
Package: etexcmds 2019/12/15 v1.7 Avoid name clashes with e-TeX commands (HO)
)
\Hy@SavedSpaceFactor=\count298

(/usr/local/texlive/2022/texmf-dist/tex/latex/hyperref/puenc.def
File: puenc.def 2022-02-21 v7.00n Hyperref: PDF Unicode definition (HO)
Now handling font encoding PU ...
... no UTF-8 mapping file for font encoding PU
)
Package hyperref Info: Option `bookmarksnumbered' set `true' on input line 4018
.
Package hyperref Info: Hyper figures OFF on input line 4137.
Package hyperref Info: Link nesting OFF on input line 4142.
Package hyperref Info: Hyper index ON on input line 4145.
Package hyperref Info: Plain pages OFF on input line 4152.
Package hyperref Info: Backreferencing OFF on input line 4157.
Package hyperref Info: Implicit mode ON; LaTeX internals redefined.
Package hyperref Info: Bookmarks ON on input line 4390.
\c@Hy@tempcnt=\count299

(/usr/local/texlive/2022/texmf-dist/tex/latex/url/url.sty
\Urlmuskip=\muskip17
Package: url 2013/09/16  ver 3.4  Verb mode for urls, etc.
)
LaTeX Info: Redefining \url on input line 4749.
\XeTeXLinkMargin=\dimen173

(/usr/local/texlive/2022/texmf-dist/tex/generic/bitset/bitset.sty
Package: bitset 2019/12/09 v1.3 Handle bit-vector datatype (HO)

(/usr/local/texlive/2022/texmf-dist/tex/generic/bigintcalc/bigintcalc.sty
Package: bigintcalc 2019/12/15 v1.5 Expandable calculations on big integers (HO
)
))
\Fld@menulength=\count300
\Field@Width=\dimen174
\Fld@charsize=\dimen175
Package hyperref Info: Hyper figures OFF on input line 6027.
Package hyperref Info: Link nesting OFF on input line 6032.
Package hyperref Info: Hyper index ON on input line 6035.
Package hyperref Info: backreferencing OFF on input line 6042.
Package hyperref Info: Link coloring OFF on input line 6047.
Package hyperref Info: Link coloring with OCG OFF on input line 6052.
Package hyperref Info: PDF/A mode OFF on input line 6057.
LaTeX Info: Redefining \ref on input line 6097.
LaTeX Info: Redefining \pageref on input line 6101.

(/usr/local/texlive/2022/texmf-dist/tex/latex/base/atbegshi-ltx.sty
Package: atbegshi-ltx 2021/01/10 v1.0c Emulation of the original atbegshi
package with kernel methods
)
\Hy@abspage=\count301
\c@Item=\count302
\c@Hfootnote=\count303
)
Package hyperref Info: Driver: hpdftex.

(/usr/local/texlive/2022/texmf-dist/tex/latex/hyperref/hpdftex.def
File: hpdftex.def 2022-02-21 v7.00n Hyperref driver for pdfTeX

(/usr/local/texlive/2022/texmf-dist/tex/latex/base/atveryend-ltx.sty
Package: atveryend-ltx 2020/08/19 v1.0a Emulation of the original atveryend pac
kage
with kernel methods
)
\Fld@listcount=\count304
\c@bookmark@seq@number=\count305

(/usr/local/texlive/2022/texmf-dist/tex/latex/rerunfilecheck/rerunfilecheck.sty
Package: rerunfilecheck 2019/12/05 v1.9 Rerun checks for auxiliary files (HO)

(/usr/local/texlive/2022/texmf-dist/tex/generic/uniquecounter/uniquecounter.sty
Package: uniquecounter 2019/12/15 v1.4 Provide unlimited unique counter (HO)
)
Package uniquecounter Info: New unique counter `rerunfilecheck' on input line 2
86.
)
\Hy@SectionHShift=\skip62
) (/usr/local/texlive/2022/texmf-dist/tex/latex/graphics/graphicx.sty
Package: graphicx 2021/09/16 v1.2d Enhanced LaTeX Graphics (DPC,SPQR)
\Gin@req@height=\dimen176
\Gin@req@width=\dimen177
)
(/usr/local/texlive/2022/texmf-dist/tex/latex/oberdiek/hypcap.sty
Package: hypcap 2016/05/16 v1.12 Adjusting the anchors of captions (HO)
)
Package hyperref Info: Option `colorlinks' set `true' on input line 119.
LaTeX Font Info:    Trying to load font information for OT1+ptm on input line 1
57.

(/usr/local/texlive/2022/texmf-dist/tex/latex/psnfss/ot1ptm.fd
File: ot1ptm.fd 2001/06/04 font definitions for OT1/ptm.
)
(./TENOR-template_latex_Ilana_Shapiro.aux)
\openout1 = `TENOR-template_latex_Ilana_Shapiro.aux'.

LaTeX Font Info:    Checking defaults for OML/cmm/m/it on input line 157.
LaTeX Font Info:    ... okay on input line 157.
LaTeX Font Info:    Checking defaults for OMS/cmsy/m/n on input line 157.
LaTeX Font Info:    ... okay on input line 157.
LaTeX Font Info:    Checking defaults for OT1/cmr/m/n on input line 157.
LaTeX Font Info:    ... okay on input line 157.
LaTeX Font Info:    Checking defaults for T1/cmr/m/n on input line 157.
LaTeX Font Info:    ... okay on input line 157.
LaTeX Font Info:    Checking defaults for TS1/cmr/m/n on input line 157.
LaTeX Font Info:    ... okay on input line 157.
LaTeX Font Info:    Checking defaults for OMX/cmex/m/n on input line 157.
LaTeX Font Info:    ... okay on input line 157.
LaTeX Font Info:    Checking defaults for U/cmr/m/n on input line 157.
LaTeX Font Info:    ... okay on input line 157.
LaTeX Font Info:    Checking defaults for PD1/pdf/m/n on input line 157.
LaTeX Font Info:    ... okay on input line 157.
LaTeX Font Info:    Checking defaults for PU/pdf/m/n on input line 157.
LaTeX Font Info:    ... okay on input line 157.

(/usr/local/texlive/2022/texmf-dist/tex/context/base/mkii/supp-pdf.mkii
[Loading MPS to PDF converter (version 2006.09.02).]
\scratchcounter=\count306
\scratchdimen=\dimen178
\scratchbox=\box61
\nofMPsegments=\count307
\nofMParguments=\count308
\everyMPshowfont=\toks30
\MPscratchCnt=\count309
\MPscratchDim=\dimen179
\MPnumerator=\count310
\makeMPintoPDFobject=\count311
\everyMPtoPDFconversion=\toks31
) (/usr/local/texlive/2022/texmf-dist/tex/latex/epstopdf-pkg/epstopdf-base.sty
Package: epstopdf-base 2020-01-24 v2.11 Base part for package epstopdf

(/usr/local/texlive/2022/texmf-dist/tex/latex/grfext/grfext.sty
Package: grfext 2019/12/03 v1.3 Manage graphics extensions (HO)
)
Package epstopdf-base Info: Redefining graphics rule for `.eps' on input line 4
85.
Package grfext Info: Graphics extension search list:
(grfext)             [.pdf,.jpeg,.png,.eps]
(grfext)             \AppendGraphicsExtensions on input line 504.

(/usr/local/texlive/2022/texmf-dist/tex/latex/latexconfig/epstopdf-sys.cfg
File: epstopdf-sys.cfg 2010/07/13 v1.3 Configuration of (r)epstopdf for TeX Liv
e
))
Package caption Info: Begin \AtBeginDocument code.
Package caption Info: hyperref package is loaded.
Package caption Info: hypcap package is loaded.
Package caption Info: End \AtBeginDocument code.
Package hyperref Info: Link coloring ON on input line 157.

(/usr/local/texlive/2022/texmf-dist/tex/latex/hyperref/nameref.sty
Package: nameref 2021-04-02 v2.47 Cross-referencing by name of section

(/usr/local/texlive/2022/texmf-dist/tex/latex/refcount/refcount.sty
Package: refcount 2019/12/15 v3.6 Data extraction from label references (HO)
)
(/usr/local/texlive/2022/texmf-dist/tex/generic/gettitlestring/gettitlestring.s
ty
Package: gettitlestring 2019/12/15 v1.6 Cleanup title references (HO)
)
\c@section@level=\count312
)
LaTeX Info: Redefining \ref on input line 157.
LaTeX Info: Redefining \pageref on input line 157.
LaTeX Info: Redefining \nameref on input line 157.
 (./TENOR-template_latex_Ilana_Shapiro.out)
(./TENOR-template_latex_Ilana_Shapiro.out)
\@outlinefile=\write3
\openout3 = `TENOR-template_latex_Ilana_Shapiro.out'.

LaTeX Font Info:    Trying to load font information for U+msa on input line 161
.

(/usr/local/texlive/2022/texmf-dist/tex/latex/amsfonts/umsa.fd
File: umsa.fd 2013/01/14 v3.01 AMS symbols A
)
LaTeX Font Info:    Trying to load font information for U+msb on input line 161
.

(/usr/local/texlive/2022/texmf-dist/tex/latex/amsfonts/umsb.fd
File: umsb.fd 2013/01/14 v3.01 AMS symbols B
)
LaTeX Font Info:    Trying to load font information for OT1+pcr on input line 1
61.

(/usr/local/texlive/2022/texmf-dist/tex/latex/psnfss/ot1pcr.fd
File: ot1pcr.fd 2001/06/04 font definitions for OT1/pcr.
)
LaTeX Font Info:    Trying to load font information for TS1+ptm on input line 1
61.

(/usr/local/texlive/2022/texmf-dist/tex/latex/psnfss/ts1ptm.fd
File: ts1ptm.fd 2001/06/04 font definitions for TS1/ptm.
)
Overfull \hbox (1.13481pt too wide) in paragraph at lines 169--170
\OT1/ptm/m/n/10 the-ory, com-posers man-u-ally tran-si-tion from the-o-ret-i-ca
l mu-
 []


Overfull \hbox (10.07477pt too wide) in paragraph at lines 184--185
\OT1/ptm/m/n/10 logic be-hind its au-to-mated tem-plate ex-pan-sions are de-scr
ibed. 
 []

[1{/usr/local/texlive/2022/texmf-var/fonts/map/pdftex/updmap/pdftex.map}



]
Overfull \hbox (2.37515pt too wide) in paragraph at lines 197--198
[]\OT1/ptm/m/n/10 Michael Good's Mu-sicXML is an Internet-friendly, XML-
 []


Overfull \hbox (1.62428pt too wide) in paragraph at lines 197--198
\OT1/ptm/m/n/10 for elec-tronic in-stru-ments, Mu-sicXML pro-vides a stan-dard-

 []


Overfull \hbox (5.89514pt too wide) in paragraph at lines 203--204
\OT1/ptm/m/n/10 Wen Nien-huys and Jan Nieuwen-huizen, is sim-i-lar to MusAs-
 []


Overfull \hbox (2.25471pt too wide) in paragraph at lines 208--210
\OT1/ptm/m/n/10 stan-dard-iza-tion in spec-i-fy-ing tablature-based note du-ra-
tions
 []


Overfull \hbox (1.2046pt too wide) in paragraph at lines 218--219
\OT1/ptm/m/n/10 MusAssist sup-ports tem-plates for chords, arpeg-gios, scales,
 []


Overfull \hbox (1.27565pt too wide) in paragraph at lines 222--223
[]\OT1/ptm/m/n/10 Arpeggios are de-fined with the same spec-i-fi-ca-tion as Mus
-
 []


Overfull \hbox (4.29477pt too wide) in paragraph at lines 224--225
\OT1/ptm/m/n/10 scales are sim-ply spec-i-fied by their type (chro-matic or who
le
 []


Overfull \hbox (1.46548pt too wide) in paragraph at lines 226--227
[]\OT1/ptm/m/n/10 Cadences are spec-i-fied by ca-dence type (per-fect/imperfect

 []

[2]

Package amsmath Warning: Foreign command \atop;
(amsmath)                \frac or \genfrac should be used instead
(amsmath)                 on input line 238.


Overfull \hbox (0.26556pt too wide) in paragraph at lines 247--253
[]\OT1/ptm/m/n/10 All ca-dences ex-cept per-fect au-then-tic are built ex-clu-s
ively
 []

<images/perfauth.png, id=110, 880.28876pt x 118.4425pt>
File: images/perfauth.png Graphic file (type png)
<use images/perfauth.png>
Package pdftex.def Info: images/perfauth.png  used on input line 256.
(pdftex.def)             Requested size: 220.22282pt x 29.63042pt.

Overfull \hbox (3.62555pt too wide) in paragraph at lines 265--267
[]\OT1/ptm/m/n/10 The cho-sen pat-terns for each MusAs-sist se-quence are sum-
 []


Overfull \hbox (8.995pt too wide) in paragraph at lines 265--267
\OT1/ptm/m/n/10 sup-ported. Each se-quence con-sists of four-teen dis-tinct cho
rds
 []


LaTeX Warning: `!h' float specifier changed to `!ht'.


Underfull \vbox (badness 4819) has occurred while \output is active []

<images/example_program_code.png, id=115, 598.235pt x 434.62375pt>
File: images/example_program_code.png Graphic file (type png)
<use images/example_program_code.png>
Package pdftex.def Info: images/example_program_code.png  used on input line 32
2.
(pdftex.def)             Requested size: 244.6937pt x 177.77245pt.

Overfull \hbox (11.3811pt too wide) in paragraph at lines 322--323
 [][] 
 []


LaTeX Warning: `!h' float specifier changed to `!ht'.

<images/example_program.png, id=116, 727.71875pt x 613.29124pt>
File: images/example_program.png Graphic file (type png)
<use images/example_program.png>
Package pdftex.def Info: images/example_program.png  used on input line 327.
(pdftex.def)             Requested size: 195.75197pt x 164.9732pt.

LaTeX Warning: `!h' float specifier changed to `!ht'.

[3 <./images/perfauth.png>]
Overfull \hbox (0.41515pt too wide) in paragraph at lines 351--352
[]\OT1/ptm/m/n/10 The low-level ab-stract syn-tax re-sult-ing from the fully
 []


Overfull \hbox (0.41505pt too wide) in paragraph at lines 351--352
\OT1/ptm/m/n/10 ex-panded tem-plates is trans-lated to Mu-sicXML. This
 []


Overfull \hbox (0.83493pt too wide) in paragraph at lines 351--352
\OT1/ptm/m/n/10 step con-tains the tem-po-ral logic that sub-di-vides notes
 []


Overfull \hbox (0.28435pt too wide) in paragraph at lines 365--366
\OT1/ptm/m/n/10 Most MusAs-sist tem-plates are built upon the di-a-tonic scale.

 []

<images/note_octave_logic.png, id=137, 634.37pt x 75.28125pt>
File: images/note_octave_logic.png Graphic file (type png)
<use images/note_octave_logic.png>
Package pdftex.def Info: images/note_octave_logic.png  used on input line 372.
(pdftex.def)             Requested size: 171.28856pt x 20.3262pt.
<images/maj_seconds.png, id=140, 403.5075pt x 216.81pt>
File: images/maj_seconds.png Graphic file (type png)
<use images/maj_seconds.png>
Package pdftex.def Info: images/maj_seconds.png  used on input line 382.
(pdftex.def)             Requested size: 171.28856pt x 92.0355pt.
[4 <./images/example_program_code.png> <./images/example_program.png> <./images
/note_octave_logic.png> <./images/maj_seconds.png>]
<images/chromatic.png, id=159, 470.75874pt x 133.49875pt>
File: images/chromatic.png Graphic file (type png)
<use images/chromatic.png>
Package pdftex.def Info: images/chromatic.png  used on input line 410.
(pdftex.def)             Requested size: 195.75197pt x 55.51093pt.
<images/whole_tone.png, id=161, 581.17125pt x 266.9975pt>
File: images/whole_tone.png Graphic file (type png)
<use images/whole_tone.png>
Package pdftex.def Info: images/whole_tone.png  used on input line 422.
(pdftex.def)             Requested size: 122.34685pt x 56.20557pt.

Overfull \hbox (16.566pt too wide) in paragraph at lines 436--437
[]\OT1/ptm/m/n/10 To han-dle in-ver-sions, no-tice that the gen-er-ated chord (
whether
 []

[5 <./images/chromatic.png> <./images/whole_tone.png>]
<images/cadence_octaves.png, id=181, 315.1775pt x 240.9pt>
File: images/cadence_octaves.png Graphic file (type png)
<use images/cadence_octaves.png>
Package pdftex.def Info: images/cadence_octaves.png  used on input line 451.
(pdftex.def)             Requested size: 73.40512pt x 56.10423pt.

Overfull \hbox (5.3056pt too wide) in paragraph at lines 463--464
[]\OT1/ptm/m/n/10 The in-ter-val be-tween each pair of chordal roots, which
 []


Overfull \hbox (7.41637pt too wide) in paragraph at lines 465--466
[]\OT1/ptm/m/n/10 The oc-tave num-ber of each chord (given by the chordal
 []


Overfull \hbox (2.36595pt too wide) in paragraph at lines 469--470
[]\OT1/ptm/m/n/10 To de-ter-mine (1) and (2), con-sider the anal-y-sis in [],
 []

<images/desc_56_intervals.png, id=185, 1064.97874pt x 138.5175pt>
File: images/desc_56_intervals.png Graphic file (type png)
<use images/desc_56_intervals.png>
Package pdftex.def Info: images/desc_56_intervals.png  used on input line 474.
(pdftex.def)             Requested size: 230.01266pt x 29.91594pt.
<images/desc56-example.png, id=189, 703.62875pt x 215.80624pt>
File: images/desc56-example.png Graphic file (type png)
<use images/desc56-example.png>
Package pdftex.def Info: images/desc56-example.png  used on input line 486.
(pdftex.def)             Requested size: 220.22282pt x 67.54135pt.

Overfull \hbox (4.07484pt too wide) in paragraph at lines 498--499
\OT1/ptm/m/n/10 This pa-per presents MusAs-sist, an ex-ter-nal, declar-a-tive D
SL
 []


Overfull \hbox (6.18542pt too wide) in paragraph at lines 498--499
\OT1/ptm/m/n/10 ware for fur-ther man-ual edit-ing and play-back. Thus, MusAs-
 []

[6 <./images/cadence_octaves.png> <./images/desc_56_intervals.png> <./images/de
sc56-example.png>] (./TENOR-template_latex_Ilana_Shapiro.bbl
Underfull \hbox (badness 1509) in paragraph at lines 33--36
\OT1/ptm/m/n/10 2013. [On-line]. Avail-able: [][]$https : / / www .
 []


Underfull \hbox (badness 10000) in paragraph at lines 33--36
\OT1/ptm/m/n/10 musicxml . com / publications / makemusic-[]recordare /
 []


Overfull \hbox (4.93437pt too wide) in paragraph at lines 39--43
\OT1/ptm/m/n/10 musicxml-[]an-[]internet-[]friendly-[]format-[]for-[]sheet-[]mu
sic/$[][] 
 []


Underfull \hbox (badness 1496) in paragraph at lines 46--50
\OT1/ptm/m/it/10 Pond, A Sys-tem for Au-to-mated Mu-
 []


Underfull \hbox (badness 10000) in paragraph at lines 53--57
[][]$\OT1/ptm/m/n/10 https : / / www . researchgate . net / publication / 31260
7043[]
 []

) [7] (./TENOR-template_latex_Ilana_Shapiro.aux)
Package rerunfilecheck Info: File `TENOR-template_latex_Ilana_Shapiro.out' has 
not changed.
(rerunfilecheck)             Checksum: 9160D4DA99FF1266DF8EA55E799641E2;3362.
 )
(\end occurred when \ifx on line 71 was incomplete) 
Here is how much of TeX's memory you used:
 14298 strings out of 478268
 231256 string characters out of 5846346
 564266 words of memory out of 5000000
 32229 multiletter control sequences out of 15000+600000
 484133 words of font info for 58 fonts, out of 8000000 for 9000
 1141 hyphenation exceptions out of 8191
 68i,23n,77p,1287b,462s stack positions out of 10000i,1000n,20000p,200000b,200000s
{/usr/local/texlive/2022/tex
mf-dist/fonts/enc/dvips/base/8r.enc}</usr/local/texlive/2022/texmf-dist/fonts/t
ype1/public/amsfonts/cm/cmmi10.pfb></usr/local/texlive/2022/texmf-dist/fonts/ty
pe1/public/amsfonts/cm/cmr10.pfb></usr/local/texlive/2022/texmf-dist/fonts/type
1/public/amsfonts/cm/cmr5.pfb></usr/local/texlive/2022/texmf-dist/fonts/type1/p
ublic/amsfonts/cm/cmr7.pfb></usr/local/texlive/2022/texmf-dist/fonts/type1/publ
ic/amsfonts/cm/cmsy10.pfb></usr/local/texlive/2022/texmf-dist/fonts/type1/publi
c/musixtex-fonts/musix11.pfb></usr/local/texlive/2022/texmf-dist/fonts/type1/pu
blic/musixtex-fonts/musix16.pfb></usr/local/texlive/2022/texmf-dist/fonts/type1
/urw/courier/ucrr8a.pfb></usr/local/texlive/2022/texmf-dist/fonts/type1/urw/tim
es/utmb8a.pfb></usr/local/texlive/2022/texmf-dist/fonts/type1/urw/times/utmr8a.
pfb></usr/local/texlive/2022/texmf-dist/fonts/type1/urw/times/utmri8a.pfb>
Output written on TENOR-template_latex_Ilana_Shapiro.pdf (7 pages, 1203738 byte
s).
PDF statistics:
 290 PDF objects out of 1000 (max. 8388607)
 236 compressed objects within 3 object streams
 50 named destinations out of 1000 (max. 500000)
 203 words of extra memory for PDF output out of 10000 (max. 10000000)

