\BOOKMARK [1][-]{section.1}{\376\377\000\040\0001\000.\000\040\000I\000n\000t\000r\000o\000d\000u\000c\000t\000i\000o\000n}{}% 1
\BOOKMARK [1][-]{section.2}{\376\377\000\040\0002\000.\000\040\000R\000e\000l\000a\000t\000e\000d\000\040\000W\000o\000r\000k}{}% 2
\BOOKMARK [1][-]{section.3}{\376\377\000\040\0003\000.\000\040\000L\000a\000n\000g\000u\000a\000g\000e\000\040\000F\000e\000a\000t\000u\000r\000e\000s}{}% 3
\BOOKMARK [2][-]{subsection.3.1}{\376\377\0003\000.\0001\000\040\000L\000o\000w\000-\000L\000e\000v\000e\000l\000\040\000F\000u\000n\000d\000a\000m\000e\000n\000t\000a\000l\000s}{section.3}% 4
\BOOKMARK [2][-]{subsection.3.2}{\376\377\0003\000.\0002\000\040\000H\000i\000g\000h\000-\000L\000e\000v\000e\000l\000\040\000T\000e\000m\000p\000l\000a\000t\000e\000s}{section.3}% 5
\BOOKMARK [2][-]{subsection.3.3}{\376\377\0003\000.\0003\000\040\000A\000d\000d\000i\000t\000i\000o\000n\000a\000l\000\040\000F\000e\000a\000t\000u\000r\000e\000s}{section.3}% 6
\BOOKMARK [1][-]{section.4}{\376\377\000\040\0004\000.\000\040\000S\000a\000m\000p\000l\000e\000\040\000P\000r\000o\000g\000r\000a\000m\000s}{}% 7
\BOOKMARK [1][-]{section.5}{\376\377\000\040\0005\000.\000\040\000E\000x\000a\000m\000p\000l\000e\000\040\0001}{}% 8
\BOOKMARK [1][-]{section.6}{\376\377\000\040\0006\000.\000\040\000C\000o\000m\000p\000i\000l\000e\000r\000\040\000S\000t\000r\000u\000c\000t\000u\000r\000e}{}% 9
\BOOKMARK [1][-]{section.7}{\376\377\000\040\0007\000.\000\040\000T\000e\000m\000p\000l\000a\000t\000e\000\040\000E\000x\000p\000a\000n\000s\000i\000o\000n\000\040\000L\000o\000g\000i\000c}{}% 10
\BOOKMARK [2][-]{subsection.7.1}{\376\377\0007\000.\0001\000\040\000C\000h\000o\000r\000d\000s}{section.7}% 11
\BOOKMARK [2][-]{subsection.7.2}{\376\377\0007\000.\0002\000\040\000C\000a\000d\000e\000n\000c\000e\000s}{section.7}% 12
\BOOKMARK [2][-]{subsection.7.3}{\376\377\0007\000.\0003\000\040\000H\000a\000r\000m\000o\000n\000i\000c\000\040\000S\000e\000q\000u\000e\000n\000c\000e\000s}{section.7}% 13
\BOOKMARK [1][-]{section.8}{\376\377\000\040\0008\000.\000\040\000F\000u\000t\000u\000r\000e\000\040\000W\000o\000r\000k}{}% 14
\BOOKMARK [1][-]{section.9}{\376\377\000\040\0009\000.\000\040\000C\000o\000n\000c\000l\000u\000s\000i\000o\000n}{}% 15
\BOOKMARK [2][-]{subsection.9.1}{\376\377\0009\000.\0001\000\040\000T\000i\000t\000l\000e\000\040\000a\000n\000d\000\040\000A\000u\000t\000h\000o\000r\000s}{section.9}% 16
\BOOKMARK [2][-]{subsection.9.2}{\376\377\0009\000.\0002\000\040\000F\000i\000r\000s\000t\000\040\000P\000a\000g\000e\000\040\000C\000o\000p\000y\000r\000i\000g\000h\000t\000\040\000N\000o\000t\000i\000c\000e}{section.9}% 17
\BOOKMARK [2][-]{subsection.9.3}{\376\377\0009\000.\0003\000\040\000P\000a\000g\000e\000\040\000N\000u\000m\000b\000e\000r\000i\000n\000g\000,\000\040\000H\000e\000a\000d\000e\000r\000s\000\040\000a\000n\000d\000\040\000F\000o\000o\000t\000e\000r\000s}{section.9}% 18
\BOOKMARK [1][-]{section.10}{\376\377\000\040\0001\0000\000.\000\040\000H\000e\000a\000d\000i\000n\000g\000s}{}% 19
\BOOKMARK [2][-]{subsection.10.1}{\376\377\0001\0000\000.\0001\000\040\000S\000e\000c\000o\000n\000d\000\040\000L\000e\000v\000e\000l\000\040\000H\000e\000a\000d\000i\000n\000g\000s}{section.10}% 20
\BOOKMARK [3][-]{subsubsection.10.1.1}{\376\377\0001\0000\000.\0001\000.\0001\000\040\000T\000h\000i\000r\000d\000\040\000a\000n\000d\000\040\000f\000u\000r\000t\000h\000e\000r\000\040\000L\000e\000v\000e\000l\000\040\000H\000e\000a\000d\000i\000n\000g\000s}{subsection.10.1}% 21
\BOOKMARK [1][-]{section.11}{\376\377\000\040\0001\0001\000.\000\040\000E\000q\000u\000a\000t\000i\000o\000n\000s\000,\000\040\000F\000i\000g\000u\000r\000e\000s\000,\000\040\000F\000o\000o\000t\000n\000o\000t\000e\000s}{}% 22
\BOOKMARK [2][-]{subsection.11.1}{\376\377\0001\0001\000.\0001\000\040\000E\000q\000u\000a\000t\000i\000o\000n\000s}{section.11}% 23
\BOOKMARK [2][-]{subsection.11.2}{\376\377\0001\0001\000.\0002\000\040\000F\000i\000g\000u\000r\000e\000s\000,\000\040\000T\000a\000b\000l\000e\000s\000\040\000a\000n\000d\000\040\000C\000a\000p\000t\000i\000o\000n\000s}{section.11}% 24
\BOOKMARK [2][-]{subsection.11.3}{\376\377\0001\0001\000.\0003\000\040\000F\000o\000o\000t\000n\000o\000t\000e\000s}{section.11}% 25
\BOOKMARK [1][-]{section.12}{\376\377\000\040\0001\0002\000.\000\040\000C\000i\000t\000a\000t\000i\000o\000n\000s}{}% 26
\BOOKMARK [1][-]{section.13}{\376\377\000\040\0001\0003\000.\000\040\000C\000o\000n\000c\000l\000u\000s\000i\000o\000n\000s}{}% 27
\BOOKMARK [1][-]{section.14}{\376\377\000\040\0001\0004\000.\000\040\000R\000e\000f\000e\000r\000e\000n\000c\000e\000s}{}% 28
