\BOOKMARK [0][-]{chapter.1}{Introduction}{}% 1
\BOOKMARK [0][-]{chapter.2}{Background}{}% 2
\BOOKMARK [1][-]{section.2.1}{Programming Paradigms Used in Music DSLs}{chapter.2}% 3
\BOOKMARK [1][-]{section.2.2}{Survey of External DSLs for Music}{chapter.2}% 4
\BOOKMARK [1][-]{section.2.3}{Survey of Internal DSLs for Music}{chapter.2}% 5
\BOOKMARK [1][-]{section.2.4}{Applications in Algorithmic Composition}{chapter.2}% 6
\BOOKMARK [1][-]{section.2.5}{Applications in HCI}{chapter.2}% 7
\BOOKMARK [1][-]{section.2.6}{Summary}{chapter.2}% 8
\BOOKMARK [0][-]{chapter.3}{Language Features}{}% 9
\BOOKMARK [1][-]{section.3.1}{Rests}{chapter.3}% 10
\BOOKMARK [1][-]{section.3.2}{Notes}{chapter.3}% 11
\BOOKMARK [1][-]{section.3.3}{Custom Chords}{chapter.3}% 12
\BOOKMARK [0][-]{chapter.4}{The MusAssist Compiler}{}% 13
\BOOKMARK [1][-]{section.4.1}{Lexing and Parsing}{chapter.4}% 14
\BOOKMARK [1][-]{section.4.2}{Abstract Syntax}{chapter.4}% 15
\BOOKMARK [1][-]{section.4.3}{Intermediate Representations}{chapter.4}% 16
\BOOKMARK [1][-]{section.4.4}{Code Generation}{chapter.4}% 17
\BOOKMARK [0][-]{chapter.5}{Sample Programs}{}% 18
\BOOKMARK [0][-]{chapter.6}{Future Work and Conclusion}{}% 19
\BOOKMARK [1][-]{section.6.1}{Future Work}{chapter.6}% 20
\BOOKMARK [1][-]{section.6.2}{Conclusion}{chapter.6}% 21
